2018-07-16 17:50:39.4771|RestConsoleDemo.Program|INFO|共需加载共计1个微服务 
2018-07-16 20:17:11.7669|RestConsoleDemo.Program|INFO|程序启动！ 
2018-07-16 20:17:11.8719|RestConsoleDemo.Program|INFO|共需加载共计1个微服务 
2018-07-16 20:17:12.0779|RestConsoleDemo.Program|ERROR|启动PublicService对应REST服务失败，原因：未能加载文件或程序集“file:///c:\users\yxw\documents\visual studio 2015\Projects\RestConsoleDemo\RestConsoleDemo\bin\Debug\thriftConsoleDemo.Service.dll”或它的某一个依赖项。系统找不到指定的文件。... 
2018-07-16 20:18:40.1619|RestConsoleDemo.Program|INFO|程序启动！ 
2018-07-16 20:18:40.2399|RestConsoleDemo.Program|INFO|共需加载共计1个微服务 
2018-07-16 20:18:40.3009|RestConsoleDemo.Program|ERROR|启动PublicService对应REST服务失败，原因：未能加载文件或程序集“file:///c:\users\yxw\documents\visual studio 2015\Projects\RestConsoleDemo\RestConsoleDemo\bin\Debug\thriftConsoleDemo.Service.dll”或它的某一个依赖项。系统找不到指定的文件。... 
2018-07-16 20:19:10.7717|RestConsoleDemo.Program|INFO|程序启动！ 
2018-07-16 20:19:35.2971|RestConsoleDemo.Program|INFO|共需加载共计1个微服务 
2018-07-16 20:20:13.9033|RestConsoleDemo.Program|INFO|程序启动！ 
2018-07-16 20:20:15.9094|RestConsoleDemo.Program|INFO|共需加载共计1个微服务 
2018-07-16 20:20:21.4527|RestConsoleDemo.Program|ERROR|启动PublicService对应REST服务失败，原因：未能加载文件或程序集“file:///c:\users\yxw\documents\visual studio 2015\Projects\RestConsoleDemo\RestConsoleDemo\bin\Debug\RestConsoleDemo.Service”或它的某一个依赖项。系统找不到指定的文件。... 
2018-07-16 20:20:30.2182|RestConsoleDemo.Program|INFO|程序启动！ 
2018-07-16 20:20:32.9354|RestConsoleDemo.Program|INFO|共需加载共计1个微服务 
2018-07-16 20:21:02.7871|RestConsoleDemo.Program|INFO|程序启动！ 
2018-07-16 20:21:04.7442|RestConsoleDemo.Program|INFO|共需加载共计1个微服务 
2018-07-16 20:21:42.9844|RestConsoleDemo.Program|INFO|程序启动！ 
2018-07-16 20:21:45.0475|RestConsoleDemo.Program|INFO|共需加载共计1个微服务 
2018-07-16 20:21:48.0907|RestConsoleDemo.Program|ERROR|启动PublicService对应REST服务失败，原因：没有名称为“SecretAuthBehavior”的服务行为。 (c:\users\yxw\documents\visual studio 2015\Projects\RestConsoleDemo\RestConsoleDemo\bin\Debug\RestConsoleDemo.vshost.exe.Config line 36)... 
2018-07-16 20:22:55.4905|RestConsoleDemo.Program|INFO|程序启动！ 
2018-07-16 20:23:03.7430|RestConsoleDemo.Program|INFO|共需加载共计1个微服务 
2018-07-16 20:23:21.0320|RestConsoleDemo.Program|ERROR|启动PublicService对应REST服务失败，原因：约定“IPublicService”中的操作“GetData”具有非“字符串”类型的路径变量“value”。UriTemplate 路径段的变量类型必须为“字符串”。... 
2018-07-16 20:25:13.9695|RestConsoleDemo.Program|INFO|程序启动！ 
2018-07-16 20:25:16.6906|RestConsoleDemo.Program|INFO|共需加载共计1个微服务 
2018-07-16 20:25:19.6898|RestConsoleDemo.Program|ERROR|启动PublicService对应REST服务失败，原因：HTTP 无法注册 URL http://+:8092/。进程不具有此命名空间的访问权限(有关详细信息，请参见 http://go.microsoft.com/fwlink/?LinkId=70353)。... 
2018-07-16 20:26:19.6802|RestConsoleDemo.Program|INFO|程序启动！ 
2018-07-16 20:26:22.9364|RestConsoleDemo.Program|INFO|共需加载共计1个微服务 
2018-07-16 20:31:31.3580|RestConsoleDemo.Program|INFO|程序启动！ 
2018-07-16 20:31:42.3887|RestConsoleDemo.Program|INFO|RestConsoleDemo.Service.PublicService服务已加载！ 
2018-07-16 20:37:30.9636|RestConsoleDemo.Program|INFO|程序启动！ 
2018-07-16 20:37:35.8979|RestConsoleDemo.Program|INFO|RestConsoleDemo.Service.PublicService服务已加载！ 
2018-07-16 20:39:59.3931|RestConsoleDemo.Program|INFO|程序启动！ 
2018-07-16 20:40:03.8334|RestConsoleDemo.Program|ERROR|启动PublicService对应REST服务失败，原因：未能加载文件或程序集“RestConsoleDemo.Service.PublicService”或它的某一个依赖项。系统找不到指定的文件。... 
2018-07-16 20:40:35.0131|RestConsoleDemo.Program|INFO|程序启动！ 
2018-07-16 20:40:35.9742|RestConsoleDemo.Program|ERROR|启动PublicService对应REST服务失败，原因：未能从程序集“RestConsoleDemo.Service”中加载类型“RestConsoleDemo.Service.PublicService.SecretAuth.SecretKeyAuthorization”。... 
2018-07-16 20:41:24.3990|RestConsoleDemo.Program|INFO|程序启动！ 
2018-07-16 20:41:26.0291|RestConsoleDemo.Program|INFO|RestConsoleDemo.Service.PublicService服务已加载！ 
2018-07-16 20:50:06.7678|RestConsoleDemo.Program|INFO|程序启动！ 
2018-07-16 20:50:08.9279|RestConsoleDemo.Program|INFO|RestConsoleDemo.Service.PublicService服务已加载！ 
2018-07-16 20:54:29.2288|RestConsoleDemo.Program|INFO|程序启动！ 
2018-07-16 20:54:31.4870|RestConsoleDemo.Program|INFO|RestConsoleDemo.Service.PublicService服务已加载！ 
2018-07-16 20:54:41.0445|RestConsoleDemo.Service.SecretAuth.SecretKeyAuthorization|INFO|127.0.0.1:57025访问服务,请求参数/GetData?value=4！ 
2018-07-16 20:56:01.7221|RestConsoleDemo.Program|INFO|程序启动！ 
2018-07-16 20:56:03.5382|RestConsoleDemo.Program|INFO|RestConsoleDemo.Service.PublicService服务已加载！ 
2018-07-16 20:56:11.1067|RestConsoleDemo.Service.SecretAuth.SecretKeyAuthorization|INFO|用户：127.0.0.1:57120访问服务,请求参数(/GetData?value=4)！ 
2018-07-16 20:57:33.2874|RestConsoleDemo.Program|INFO|程序启动！ 
2018-07-16 20:57:35.1115|RestConsoleDemo.Program|INFO|RestConsoleDemo.Service.PublicService服务已加载！ 
2018-07-16 20:58:22.6502|RestConsoleDemo.Program|INFO|程序启动！ 
2018-07-16 20:58:24.4463|RestConsoleDemo.Program|INFO|RestConsoleDemo.Service.PublicService服务已加载！ 
2018-07-16 20:59:46.0029|RestConsoleDemo.Program|INFO|程序启动！ 
2018-07-16 20:59:48.1591|RestConsoleDemo.Program|INFO|RestConsoleDemo.Service.PublicService服务已加载！ 
2018-07-16 21:00:01.0058|RestConsoleDemo.Service.SecretAuth.SecretKeyAuthorization|INFO|用户：127.0.0.1:57508访问服务,请求参数(/GetData?value=4)！ 
2018-07-16 21:00:31.0635|RestConsoleDemo.Program|INFO|程序启动！ 
2018-07-16 21:00:32.9516|RestConsoleDemo.Program|INFO|RestConsoleDemo.Service.PublicService服务已加载！ 
2018-07-16 21:00:51.4477|RestConsoleDemo.Service.SecretAuth.SecretKeyAuthorization|INFO|用户：127.0.0.1:57599访问服务,请求参数(/Public/GetData?value=4)！ 
2018-07-16 21:00:55.6799|RestConsoleDemo.Service.SecretAuth.SecretKeyAuthorization|INFO|用户：127.0.0.1:57602访问服务,请求参数(/Public/GetData?value=5)！ 
2018-07-16 21:07:03.9020|RestConsoleDemo.Program|INFO|程序启动！ 
2018-07-16 21:07:05.5781|RestConsoleDemo.Program|INFO|RestConsoleDemo.Service.CustService服务已加载！ 
2018-07-16 21:07:05.5781|RestConsoleDemo.Program|INFO|RestConsoleDemo.Service.PublicService服务已加载！ 
2018-07-16 21:07:29.1204|RestConsoleDemo.Service.SecretAuth.SecretKeyAuthorization|INFO|用户：127.0.0.1:57763访问服务,请求参数(/Cust/GetData?value=5)！ 
2018-07-16 21:07:32.7306|RestConsoleDemo.Service.SecretAuth.SecretKeyAuthorization|INFO|用户：127.0.0.1:57765访问服务,请求参数(/Cust/GetData?value=5)！ 
